<?xml version='1.0' encoding='UTF-8'?>
<testsuite hostname="Brian.local" name="funsets.FunSetSuite" tests="3" errors="0" failures="0" skipped="1" time="0.139" timestamp="2020-09-11T13:56:11">
                     <properties>
      <property name="java.specification.version" value="14"/><property name="sun.jnu.encoding" value="UTF-8"/><property name="sun.arch.data.model" value="64"/><property name="java.vendor.url" value="https://java.oracle.com/"/><property name="sun.boot.library.path" value="/Library/Java/JavaVirtualMachines/jdk-14.jdk/Contents/Home/lib"/><property name="sun.java.command" value="/Users/macbook/.sdkman/candidates/sbt/1.3.13/bin/sbt-launch.jar"/><property name="jdk.debug" value="release"/><property name="java.specification.vendor" value="Oracle Corporation"/><property name="java.version.date" value="2020-03-17"/><property name="java.home" value="/Library/Java/JavaVirtualMachines/jdk-14.jdk/Contents/Home"/><property name="file.separator" value="/"/><property name="java.vm.compressedOopsMode" value="Zero based"/><property name="line.separator" value="
"/><property name="java.vm.specification.vendor" value="Oracle Corporation"/><property name="java.specification.name" value="Java Platform API Specification"/><property name="sun.management.compiler" value="HotSpot 64-Bit Tiered Compilers"/><property name="java.runtime.version" value="14+36-1461"/><property name="user.name" value="macbook"/><property name="log4j.ignoreTCL" value="true"/><property name="file.encoding" value="UTF-8"/><property name="jnidispatch.path" value="/Users/macbook/Library/Caches/JNA/temp/jna8473356228122675323.tmp"/><property name="jna.loaded" value="true"/><property name="java.io.tmpdir" value="/var/folders/4m/hj_qjbg17kd18mnpdxp0jld80000gn/T/"/><property name="java.version" value="14"/><property name="java.vm.specification.name" value="Java Virtual Machine Specification"/><property name="java.library.path" value="/Users/macbook/Library/Java/Extensions:/Library/Java/Extensions:/Network/Library/Java/Extensions:/System/Library/Java/Extensions:/usr/lib/java:."/><property name="java.vendor" value="Oracle Corporation"/><property name="scala.ext.dirs" value="/Users/macbook/.sbt/0.13/java9-rt-ext-oracle_corporation_14"/><property name="sun.io.unicode.encoding" value="UnicodeBig"/><property name="socksNonProxyHosts" value="local|*.local|169.254/16|*.169.254/16"/><property name="java.class.path" value="/Users/macbook/.sdkman/candidates/sbt/1.3.13/bin/sbt-launch.jar"/><property name="java.vm.vendor" value="Oracle Corporation"/><property name="jline.shutdownhook" value="false"/><property name="user.timezone" value="Asia/Ho_Chi_Minh"/><property name="java.vm.specification.version" value="14"/><property name="os.name" value="Mac OS X"/><property name="sun.java.launcher" value="SUN_STANDARD"/><property name="user.country" value="US"/><property name="http.nonProxyHosts" value="local|*.local|169.254/16|*.169.254/16"/><property name="sun.cpu.endian" value="little"/><property name="user.home" value="/Users/macbook"/><property name="user.language" value="en"/><property name="swoval.tmpdir" value="/Users/macbook/.sbt/1.0"/><property name="jline.esc.timeout" value="0"/><property name="ftp.nonProxyHosts" value="local|*.local|169.254/16|*.169.254/16"/><property name="path.separator" value=":"/><property name="os.version" value="10.15.6"/><property name="jna.nosys" value="true"/><property name="java.runtime.name" value="Java(TM) SE Runtime Environment"/><property name="java.vm.name" value="Java HotSpot(TM) 64-Bit Server VM"/><property name="jna.platform.library.path" value="/usr/lib:/usr/lib"/><property name="java.vendor.url.bug" value="https://bugreport.java.com/bugreport/"/><property name="user.dir" value="/Users/macbook/Desktop/projects/scala/funsets"/><property name="os.arch" value="x86_64"/><property name="java.vm.info" value="mixed mode, sharing"/><property name="java.vm.version" value="14+36-1461"/><property name="java.class.version" value="58.0"/>
    </properties>
                     <testcase classname="funsets.FunSetSuite" name="singleton set one contains one" time="0.0">
                                                 <skipped/>
                                               </testcase><testcase classname="funsets.FunSetSuite" name="union contains all elements of each set" time="0.133">
                                                 
                                               </testcase><testcase classname="funsets.FunSetSuite" name="contains is implemented" time="0.006">
                                                 
                                               </testcase>
                     <system-out><![CDATA[]]></system-out>
                     <system-err><![CDATA[]]></system-err>
                   </testsuite>